<?xml version="1.0" encoding="UTF-8"?>
<!-- Generated by org.testng.reporters.JUnitXMLReporter -->
<testsuite ignored="0" hostname="LAPTOP-G3RLSTPP" failures="0" tests="3" name="Default test" time="52.114" errors="0" timestamp="16 Sep 2023 16:24:03 GMT">
  <testcase classname="ShoppingApp.test.SubmitOrderTest" name="submitOrder" time="14.595"/>
  <testcase classname="ShoppingApp.test.SubmitOrderTest" name="submitOrder" time="14.56"/>
  <testcase classname="ShoppingApp.test.SubmitOrderTest" name="verifyOrderList" time="0.626"/>
</testsuite> <!-- Default test -->
