<?xml version="1.0" encoding="UTF-8"?>
<!-- Generated by org.testng.reporters.JUnitXMLReporter -->
<testsuite ignored="2" hostname="LAPTOP-G3RLSTPP" failures="0" tests="0" time="0.001" errors="0" timestamp="25 Mar 2023 08:49:20 GMT">
  <testcase classname="ShoppingApp.test.ErrorValidation" name="productValidation" time="0.0">
    <ignored/>
  </testcase> <!-- productValidation -->
  <testcase classname="ShoppingApp.test.ErrorValidation" name="submitOrderFailed" time="0.0">
    <ignored/>
  </testcase> <!-- submitOrderFailed -->
</testsuite>
