<?xml version="1.0" encoding="UTF-8"?>
<!-- Generated by org.testng.reporters.JUnitXMLReporter -->
<testsuite ignored="1" hostname="LAPTOP-G3RLSTPP" failures="0" tests="2" name="Submit Order Test" time="40.161" errors="0" timestamp="25 Mar 2023 08:49:20 GMT">
  <testcase classname="ShoppingApp.test.SubmitOrderTest" name="submitOrder" time="14.442"/>
  <testcase classname="ShoppingApp.test.SubmitOrderTest" name="submitOrder" time="14.438"/>
  <testcase classname="ShoppingApp.test.SubmitOrderTest" name="verifyOrderList" time="0.0">
    <ignored/>
  </testcase> <!-- verifyOrderList -->
</testsuite> <!-- Submit Order Test -->
