<?xml version="1.0" encoding="UTF-8"?>
<testng-results ignored="0" total="3" passed="3" failed="0" skipped="0">
  <reporter-output>
  </reporter-output>
  <suite started-at="2023-09-16T16:23:11Z" name="Default suite" finished-at="2023-09-16T16:24:03Z" duration-ms="52114">
    <groups>
      <group name="Purchase">
        <method signature="SubmitOrderTest.submitOrder(java.util.HashMap)[pri:0, instance:ShoppingApp.test.SubmitOrderTest@1fb669c3]" name="submitOrder" class="ShoppingApp.test.SubmitOrderTest"/>
      </group> <!-- Purchase -->
    </groups>
    <test started-at="2023-09-16T16:23:11Z" name="Default test" finished-at="2023-09-16T16:24:03Z" duration-ms="52114">
      <class name="ShoppingApp.test.SubmitOrderTest">
        <test-method is-config="true" signature="launchApplication()[pri:0, instance:ShoppingApp.test.SubmitOrderTest@1fb669c3]" started-at="2023-09-16T16:23:11Z" name="launchApplication" finished-at="2023-09-16T16:23:25Z" duration-ms="13883" status="PASS">
          <reporter-output>
          </reporter-output>
        </test-method> <!-- launchApplication -->
        <test-method signature="submitOrder(java.util.HashMap)[pri:0, instance:ShoppingApp.test.SubmitOrderTest@1fb669c3]" started-at="2023-09-16T16:23:25Z" name="submitOrder" data-provider="getData" finished-at="2023-09-16T16:23:39Z" duration-ms="14595" status="PASS">
          <params>
            <param index="0">
              <value>
                <![CDATA[{password=Vaibhav@12345, email=sinvaib123@gmail.com, productName=ZARA COAT 3}]]>
              </value>
            </param>
          </params>
          <reporter-output>
          </reporter-output>
        </test-method> <!-- submitOrder -->
        <test-method is-config="true" signature="tearDown()[pri:0, instance:ShoppingApp.test.SubmitOrderTest@1fb669c3]" started-at="2023-09-16T16:23:39Z" name="tearDown" finished-at="2023-09-16T16:23:39Z" duration-ms="0" status="PASS">
          <reporter-output>
          </reporter-output>
        </test-method> <!-- tearDown -->
        <test-method is-config="true" signature="launchApplication()[pri:0, instance:ShoppingApp.test.SubmitOrderTest@1fb669c3]" started-at="2023-09-16T16:23:39Z" name="launchApplication" finished-at="2023-09-16T16:23:44Z" duration-ms="4259" status="PASS">
          <reporter-output>
          </reporter-output>
        </test-method> <!-- launchApplication -->
        <test-method signature="submitOrder(java.util.HashMap)[pri:0, instance:ShoppingApp.test.SubmitOrderTest@1fb669c3]" started-at="2023-09-16T16:23:44Z" name="submitOrder" data-provider="getData" finished-at="2023-09-16T16:23:58Z" duration-ms="14560" status="PASS">
          <params>
            <param index="0">
              <value>
                <![CDATA[{password=Somej@123, email=somej@gmail.com, productName=ADIDAS ORIGINAL}]]>
              </value>
            </param>
          </params>
          <reporter-output>
          </reporter-output>
        </test-method> <!-- submitOrder -->
        <test-method is-config="true" signature="tearDown()[pri:0, instance:ShoppingApp.test.SubmitOrderTest@1fb669c3]" started-at="2023-09-16T16:23:58Z" name="tearDown" finished-at="2023-09-16T16:23:58Z" duration-ms="0" status="PASS">
          <reporter-output>
          </reporter-output>
        </test-method> <!-- tearDown -->
        <test-method is-config="true" signature="launchApplication()[pri:0, instance:ShoppingApp.test.SubmitOrderTest@1fb669c3]" started-at="2023-09-16T16:23:58Z" name="launchApplication" finished-at="2023-09-16T16:24:02Z" duration-ms="3955" status="PASS">
          <reporter-output>
          </reporter-output>
        </test-method> <!-- launchApplication -->
        <test-method signature="verifyOrderList()[pri:0, instance:ShoppingApp.test.SubmitOrderTest@1fb669c3]" started-at="2023-09-16T16:24:02Z" name="verifyOrderList" finished-at="2023-09-16T16:24:03Z" depends-on-methods="ShoppingApp.test.SubmitOrderTest.submitOrder" duration-ms="626" status="PASS">
          <reporter-output>
          </reporter-output>
        </test-method> <!-- verifyOrderList -->
        <test-method is-config="true" signature="tearDown()[pri:0, instance:ShoppingApp.test.SubmitOrderTest@1fb669c3]" started-at="2023-09-16T16:24:03Z" name="tearDown" finished-at="2023-09-16T16:24:03Z" duration-ms="0" status="PASS">
          <reporter-output>
          </reporter-output>
        </test-method> <!-- tearDown -->
      </class> <!-- ShoppingApp.test.SubmitOrderTest -->
    </test> <!-- Default test -->
  </suite> <!-- Default suite -->
</testng-results>
